# JRE version: Java(TM) SE Runtime Environment Oracle GraalVM 17.0.9+11.1 (17.0.9+11) (build 17.0.9+11-LTS-jvmci-23.0-b21)
# Java VM: Java HotSpot(TM) 64-Bit Server VM Oracle GraalVM 17.0.9+11.1 (17.0.9+11-LTS-jvmci-23.0-b21, mixed mode, sharing, tiered, jvmci, jvmci compiler, compressed oops, compressed class ptrs, g1 gc, bsd-aarch64)
GC Precious Log:
 CPUs: 10 total, 10 available
 Memory: 32768M
 Large Page Support: Disabled
 NUMA Support: Disabled
 Compressed Oops: Enabled (Non-zero based)
 Heap Region Size: 16M
 Heap Min Capacity: 16M
 Heap Initial Capacity: 512M
 Heap Max Capacity: 24G
 Pre-touch: Disabled
 Parallel Workers: 9
 Concurrent Workers: 2
 Concurrent Refinement Workers: 9
 Periodic GC: Disabled
Heap:
 garbage-first heap   total 2965504K, used 1368422K [0x0000000281000000, 0x0000000881000000)
  region size 16384K, 17 young (278528K), 2 survivors (32768K)
 Metaspace       used 208373K, committed 209408K, reserved 1245184K
  class space    used 25364K, committed 25856K, reserved 1048576K
GC Heap History (20 events):
Event: 13.148 GC heap before
{Heap before GC invocations=38 (full 0):
 garbage-first heap   total 1163264K, used 736774K [0x0000000281000000, 0x0000000881000000)
  region size 16384K, 28 young (458752K), 4 survivors (65536K)
 Metaspace       used 188258K, committed 189440K, reserved 1245184K
  class space    used 22922K, committed 23360K, reserved 1048576K
}
Event: 13.156 GC heap after
{Heap after GC invocations=39 (full 0):
 garbage-first heap   total 1163264K, used 410649K [0x0000000281000000, 0x0000000881000000)
  region size 16384K, 4 young (65536K), 4 survivors (65536K)
 Metaspace       used 188258K, committed 189440K, reserved 1245184K
  class space    used 22922K, committed 23360K, reserved 1048576K
}
Event: 13.693 GC heap before
{Heap before GC invocations=39 (full 0):
 garbage-first heap   total 1163264K, used 771097K [0x0000000281000000, 0x0000000881000000)
  region size 16384K, 26 young (425984K), 4 survivors (65536K)
 Metaspace       used 190112K, committed 191040K, reserved 1245184K
  class space    used 23134K, committed 23552K, reserved 1048576K
}
Event: 13.703 GC heap after
{Heap after GC invocations=40 (full 0):
 garbage-first heap   total 1163264K, used 466799K [0x0000000281000000, 0x0000000881000000)
  region size 16384K, 4 young (65536K), 4 survivors (65536K)
 Metaspace       used 190112K, committed 191040K, reserved 1245184K
  class space    used 23134K, committed 23552K, reserved 1048576K
}
Event: 13.937 GC heap before
{Heap before GC invocations=40 (full 0):
 garbage-first heap   total 1163264K, used 810863K [0x0000000281000000, 0x0000000881000000)
  region size 16384K, 25 young (409600K), 4 survivors (65536K)
 Metaspace       used 191533K, committed 192384K, reserved 1245184K
  class space    used 23294K, committed 23680K, reserved 1048576K
}
Event: 13.951 GC heap after
{Heap after GC invocations=41 (full 0):
 garbage-first heap   total 1163264K, used 512979K [0x0000000281000000, 0x0000000881000000)
  region size 16384K, 3 young (49152K), 3 survivors (49152K)
 Metaspace       used 191533K, committed 192384K, reserved 1245184K
  class space    used 23294K, committed 23680K, reserved 1048576K
}
Event: 14.158 GC heap before
{Heap before GC invocations=41 (full 0):
 garbage-first heap   total 1163264K, used 840659K [0x0000000281000000, 0x0000000881000000)
  region size 16384K, 23 young (376832K), 3 survivors (49152K)
 Metaspace       used 191616K, committed 192448K, reserved 1245184K
  class space    used 23300K, committed 23680K, reserved 1048576K
}
Event: 14.180 GC heap after
{Heap after GC invocations=42 (full 0):
 garbage-first heap   total 1933312K, used 570348K [0x0000000281000000, 0x0000000881000000)
  region size 16384K, 3 young (49152K), 3 survivors (49152K)
 Metaspace       used 191616K, committed 192448K, reserved 1245184K
  class space    used 23300K, committed 23680K, reserved 1048576K
}
Event: 15.250 GC heap before
{Heap before GC invocations=42 (full 0):
 garbage-first heap   total 1933312K, used 1373164K [0x0000000281000000, 0x0000000881000000)
  region size 16384K, 53 young (868352K), 3 survivors (49152K)
 Metaspace       used 197315K, committed 198272K, reserved 1245184K
  class space    used 24206K, committed 24640K, reserved 1048576K
}
Event: 15.306 GC heap after
{Heap after GC invocations=43 (full 0):
 garbage-first heap   total 1933312K, used 759086K [0x0000000281000000, 0x0000000881000000)
  region size 16384K, 7 young (114688K), 7 survivors (114688K)
 Metaspace       used 197315K, committed 198272K, reserved 1245184K
  class space    used 24206K, committed 24640K, reserved 1048576K
}
Event: 16.089 GC heap before
{Heap before GC invocations=43 (full 0):
 garbage-first heap   total 1933312K, used 1332526K [0x0000000281000000, 0x0000000881000000)
  region size 16384K, 42 young (688128K), 7 survivors (114688K)
 Metaspace       used 197857K, committed 198848K, reserved 1245184K
  class space    used 24226K, committed 24704K, reserved 1048576K
}
Event: 16.124 GC heap after
{Heap after GC invocations=44 (full 0):
 garbage-first heap   total 1933312K, used 797480K [0x0000000281000000, 0x0000000881000000)
  region size 16384K, 2 young (32768K), 2 survivors (32768K)
 Metaspace       used 197857K, committed 198848K, reserved 1245184K
  class space    used 24226K, committed 24704K, reserved 1048576K
}
Event: 16.746 GC heap before
{Heap before GC invocations=44 (full 0):
 garbage-first heap   total 1933312K, used 1403688K [0x0000000281000000, 0x0000000881000000)
  region size 16384K, 39 young (638976K), 2 survivors (32768K)
 Metaspace       used 197922K, committed 198912K, reserved 1245184K
  class space    used 24232K, committed 24704K, reserved 1048576K
}
Event: 16.760 GC heap after
{Heap after GC invocations=45 (full 0):
 garbage-first heap   total 1933312K, used 811600K [0x0000000281000000, 0x0000000881000000)
  region size 16384K, 3 young (49152K), 3 survivors (49152K)
 Metaspace       used 197922K, committed 198912K, reserved 1245184K
  class space    used 24232K, committed 24704K, reserved 1048576K
}
Event: 17.376 GC heap before
{Heap before GC invocations=45 (full 0):
 garbage-first heap   total 1933312K, used 1450576K [0x0000000281000000, 0x0000000881000000)
  region size 16384K, 42 young (688128K), 3 survivors (49152K)
 Metaspace       used 197931K, committed 198912K, reserved 1245184K
  class space    used 24232K, committed 24704K, reserved 1048576K
}
Event: 17.390 GC heap after
{Heap after GC invocations=46 (full 0):
 garbage-first heap   total 2965504K, used 822075K [0x0000000281000000, 0x0000000881000000)
  region size 16384K, 4 young (65536K), 4 survivors (65536K)
 Metaspace       used 197931K, committed 198912K, reserved 1245184K
  class space    used 24232K, committed 24704K, reserved 1048576K
}
Event: 169.000 GC heap before
{Heap before GC invocations=46 (full 0):
 garbage-first heap   total 2965504K, used 2247483K [0x0000000281000000, 0x0000000881000000)
  region size 16384K, 88 young (1441792K), 4 survivors (65536K)
 Metaspace       used 207828K, committed 208960K, reserved 1245184K
  class space    used 25294K, committed 25792K, reserved 1048576K
}
Event: 169.393 GC heap after
{Heap after GC invocations=47 (full 0):
 garbage-first heap   total 2965504K, used 1070655K [0x0000000281000000, 0x0000000881000000)
  region size 16384K, 11 young (180224K), 11 survivors (180224K)
 Metaspace       used 207828K, committed 208960K, reserved 1245184K
  class space    used 25294K, committed 25792K, reserved 1048576K
}
Event: 170.423 GC heap before
{Heap before GC invocations=47 (full 0):
 garbage-first heap   total 2965504K, used 1414719K [0x0000000281000000, 0x0000000881000000)
  region size 16384K, 32 young (524288K), 11 survivors (180224K)
 Metaspace       used 208296K, committed 209344K, reserved 1245184K
  class space    used 25359K, committed 25856K, reserved 1048576K
}
Event: 170.587 GC heap after
{Heap after GC invocations=48 (full 0):
 garbage-first heap   total 2965504K, used 1089894K [0x0000000281000000, 0x0000000881000000)
  region size 16384K, 2 young (32768K), 2 survivors (32768K)
 Metaspace       used 208296K, committed 209344K, reserved 1245184K
  class space    used 25359K, committed 25856K, reserved 1048576K
}

